<?xml version="1.0" encoding="UTF-8"?>
<!-- Generated by org.testng.reporters.JUnitXMLReporter -->
<testsuite hostname="Kates-MacBook-Pro.local" ignored="0" tests="3" failures="0" timestamp="03 Mar 2017 09:27:58 GMT" time="1.142" errors="0">
  <testcase name="shouldCreateBooking" time="0.757" classname="HotelBookingApiTest"/>
  <testcase name="shouldErrorWhenGettingInvalidBookingId" time="0.056" classname="HotelBookingApiTest"/>
  <testcase name="shouldRemoveBooking" time="0.176" classname="HotelBookingApiTest"/>
</testsuite>
