<?xml version="1.0" encoding="UTF-8"?>
<testng-results skipped="0" failed="0" ignored="0" total="3" passed="3">
  <reporter-output>
  </reporter-output>
  <suite name="Command line suite" duration-ms="1142" started-at="2017-03-03T09:27:52Z" finished-at="2017-03-03T09:27:53Z">
    <groups>
    </groups>
    <test name="Command line test" duration-ms="1142" started-at="2017-03-03T09:27:52Z" finished-at="2017-03-03T09:27:53Z">
      <class name="HotelBookingApiTest">
        <test-method status="PASS" signature="shouldCreateBooking()[pri:0, instance:HotelBookingApiTest@30c7da1e]" name="shouldCreateBooking" duration-ms="757" started-at="2017-03-03T09:27:52Z" finished-at="2017-03-03T09:27:52Z">
          <reporter-output>
          </reporter-output>
        </test-method> <!-- shouldCreateBooking -->
        <test-method status="PASS" signature="shouldErrorWhenGettingInvalidBookingId()[pri:0, instance:HotelBookingApiTest@30c7da1e]" name="shouldErrorWhenGettingInvalidBookingId" duration-ms="56" started-at="2017-03-03T09:27:52Z" finished-at="2017-03-03T09:27:52Z">
          <reporter-output>
          </reporter-output>
        </test-method> <!-- shouldErrorWhenGettingInvalidBookingId -->
        <test-method status="PASS" signature="shouldRemoveBooking()[pri:0, instance:HotelBookingApiTest@30c7da1e]" name="shouldRemoveBooking" duration-ms="176" started-at="2017-03-03T09:27:52Z" finished-at="2017-03-03T09:27:53Z">
          <reporter-output>
          </reporter-output>
        </test-method> <!-- shouldRemoveBooking -->
        <test-method status="PASS" signature="tearDown()[pri:0, instance:HotelBookingApiTest@30c7da1e]" name="tearDown" is-config="true" duration-ms="126" started-at="2017-03-03T09:27:53Z" finished-at="2017-03-03T09:27:53Z">
          <reporter-output>
          </reporter-output>
        </test-method> <!-- tearDown -->
      </class> <!-- HotelBookingApiTest -->
    </test> <!-- Command line test -->
  </suite> <!-- Command line suite -->
</testng-results>
